{"timestamp": "2026-01-12T14:49:31.839127Z", "level": "warning", "event": "OPENAI_API_KEY is missing from environment"}
{"timestamp": "2026-01-12T14:49:31.839369Z", "level": "warning", "event": "GOOGLE_API_KEY is missing from environment"}
{"timestamp": "2026-01-12T14:49:31.839409Z", "level": "warning", "event": "GROQ_API_KEY is missing from environment"}
{"timestamp": "2026-01-12T14:49:31.839437Z", "level": "warning", "event": "ASTRA_DB_API_ENDPOINT is missing from environment"}
{"timestamp": "2026-01-12T14:49:31.839464Z", "level": "warning", "event": "ASTRA_DB_APPLICATION_TOKEN is missing from environment"}
{"timestamp": "2026-01-12T14:49:31.839488Z", "level": "warning", "event": "ASTRA_DB_KEYSPACE is missing from environment"}
{"config_keys": ["astra_db", "embedding_model", "retriever", "llm"], "timestamp": "2026-01-12T14:49:31.841397Z", "level": "info", "event": "YAML config loaded"}
{"timestamp": "2026-01-12T14:49:31.852340Z", "level": "warning", "event": "OPENAI_API_KEY is missing from environment"}
{"timestamp": "2026-01-12T14:49:31.852406Z", "level": "warning", "event": "GOOGLE_API_KEY is missing from environment"}
{"timestamp": "2026-01-12T14:49:31.852439Z", "level": "warning", "event": "GROQ_API_KEY is missing from environment"}
{"timestamp": "2026-01-12T14:49:31.852464Z", "level": "warning", "event": "ASTRA_DB_API_ENDPOINT is missing from environment"}
{"timestamp": "2026-01-12T14:49:31.852487Z", "level": "warning", "event": "ASTRA_DB_APPLICATION_TOKEN is missing from environment"}
{"timestamp": "2026-01-12T14:49:31.852509Z", "level": "warning", "event": "ASTRA_DB_KEYSPACE is missing from environment"}
{"config_keys": ["astra_db", "embedding_model", "retriever", "llm"], "timestamp": "2026-01-12T14:49:31.853588Z", "level": "info", "event": "YAML config loaded"}
{"timestamp": "2026-01-12T14:49:31.854949Z", "level": "info", "event": "logading embedding model"}
Use pytorch device_name: mps
Load pretrained SentenceTransformer: sentence-transformers/all-MiniLM-L6-v2
vector store default init, collection 'ecommercedata'
No valid keyspace found in environment variable.
Detecting API environment 'prod' from supplied endpoint
createCollection('ecommercedata')
HTTP Request: POST https://004cdff4-2b76-494f-8250-739fd5453ec9-us-east-2.apps.astra.datastax.com/api/json/v1/default_keyspace "HTTP/1.1 200 OK"
finished createCollection('ecommercedata')
StreamableHTTP session manager started
StreamableHTTP session manager shutting down
Task exception was never retrieved
future: <Task finished name='mcp.server.fastmcp.server.FastMCP.run_streamable_http_async' coro=<FastMCP.run_streamable_http_async() done, defined at /Users/satwiksahoo/Desktop/CodeBasics/LLMops/ecommerce_agent/ecom-prod-assistant/venv/lib/python3.10/site-packages/anyio/_backends/_asyncio.py:2341> exception=SystemExit(1)>
Traceback (most recent call last):
  File "/Users/satwiksahoo/Desktop/CodeBasics/LLMops/ecommerce_agent/ecom-prod-assistant/venv/lib/python3.10/site-packages/uvicorn/server.py", line 164, in startup
    server = await loop.create_server(
  File "/Users/satwiksahoo/.pyenv/versions/3.10.13/lib/python3.10/asyncio/base_events.py", line 1519, in create_server
    raise OSError(err.errno, 'error while attempting '
OSError: [Errno 48] error while attempting to bind on address ('127.0.0.1', 8000): address already in use

During handling of the above exception, another exception occurred:

Traceback (most recent call last):
  File "/Users/satwiksahoo/Desktop/CodeBasics/LLMops/ecommerce_agent/ecom-prod-assistant/venv/lib/python3.10/site-packages/anyio/_core/_eventloop.py", line 75, in run
    return async_backend.run(func, args, {}, backend_options)
  File "/Users/satwiksahoo/Desktop/CodeBasics/LLMops/ecommerce_agent/ecom-prod-assistant/venv/lib/python3.10/site-packages/anyio/_backends/_asyncio.py", line 2365, in run
    return runner.run(wrapper())
  File "/Users/satwiksahoo/Desktop/CodeBasics/LLMops/ecommerce_agent/ecom-prod-assistant/venv/lib/python3.10/site-packages/anyio/_backends/_asyncio.py", line 220, in run
    return self._loop.run_until_complete(task)
  File "/Users/satwiksahoo/Desktop/CodeBasics/LLMops/ecommerce_agent/ecom-prod-assistant/venv/lib/python3.10/site-packages/nest_asyncio.py", line 92, in run_until_complete
    self._run_once()
  File "/Users/satwiksahoo/Desktop/CodeBasics/LLMops/ecommerce_agent/ecom-prod-assistant/venv/lib/python3.10/site-packages/nest_asyncio.py", line 133, in _run_once
    handle._run()
  File "/Users/satwiksahoo/.pyenv/versions/3.10.13/lib/python3.10/asyncio/events.py", line 80, in _run
    self._context.run(self._callback, *self._args)
  File "/Users/satwiksahoo/.pyenv/versions/3.10.13/lib/python3.10/asyncio/tasks.py", line 315, in __wakeup
    self.__step()
  File "/Users/satwiksahoo/.pyenv/versions/3.10.13/lib/python3.10/asyncio/tasks.py", line 232, in __step
    result = coro.send(None)
  File "/Users/satwiksahoo/Desktop/CodeBasics/LLMops/ecommerce_agent/ecom-prod-assistant/venv/lib/python3.10/site-packages/anyio/_backends/_asyncio.py", line 2348, in wrapper
    return await func(*args)
  File "/Users/satwiksahoo/Desktop/CodeBasics/LLMops/ecommerce_agent/ecom-prod-assistant/venv/lib/python3.10/site-packages/mcp/server/fastmcp/server.py", line 698, in run_streamable_http_async
    await server.serve()
  File "/Users/satwiksahoo/Desktop/CodeBasics/LLMops/ecommerce_agent/ecom-prod-assistant/venv/lib/python3.10/site-packages/uvicorn/server.py", line 71, in serve
    await self._serve(sockets)
  File "/Users/satwiksahoo/Desktop/CodeBasics/LLMops/ecommerce_agent/ecom-prod-assistant/venv/lib/python3.10/site-packages/uvicorn/server.py", line 86, in _serve
    await self.startup(sockets=sockets)
  File "/Users/satwiksahoo/Desktop/CodeBasics/LLMops/ecommerce_agent/ecom-prod-assistant/venv/lib/python3.10/site-packages/uvicorn/server.py", line 174, in startup
    sys.exit(1)
SystemExit: 1
